<?xml version="1.0" encoding="UTF-8" ?>
<testsuite tests="10" failures="0" name="_1irda.socket.models.db.ListAuthTest" time="0" errors="0" skipped="0">
  <properties>
[...]
</properties>
  <testcase classname="_1irda.socket.models.db.ListAuthTest" name="testDeleteNotOk" time="0"/>
  <testcase classname="_1irda.socket.models.db.ListAuthTest" name="testCreateOk" time="0"/>
  <testcase classname="_1irda.socket.models.db.ListAuthTest" name="testUpdateNotOk" time="0"/>
  <testcase classname="_1irda.socket.models.db.ListAuthTest" name="testCreateNotOk" time="0"/>
  <testcase classname="_1irda.socket.models.db.ListAuthTest" name="testLoginOk" time="0"/>
  <testcase classname="_1irda.socket.models.db.ListAuthTest" name="testTestLoginPasswordOk" time="0"/>
  <testcase classname="_1irda.socket.models.db.ListAuthTest" name="testDeleteOk" time="0"/>
  <testcase classname="_1irda.socket.models.db.ListAuthTest" name="testLoginNotOk" time="0"/>
  <testcase classname="_1irda.socket.models.db.ListAuthTest" name="testLoginPasswordNotOk" time="0"/>
  <testcase classname="_1irda.socket.models.db.ListAuthTest" name="testUpdateOk" time="0"/>
</testsuite>